<?xml version="1.0" encoding="UTF-8"?>
<testng-results ignored="0" total="1" passed="1" failed="0" skipped="0">
  <reporter-output>
  </reporter-output>
  <suite started-at="2022-07-28T06:11:38 PDT" name="Default suite" finished-at="2022-07-28T06:13:00 PDT" duration-ms="82211">
    <groups>
    </groups>
    <test started-at="2022-07-28T06:11:38 PDT" name="Default test" finished-at="2022-07-28T06:13:00 PDT" duration-ms="82211">
      <class name="flipkart.maven.verifyusercanlogin">
        <test-method is-config="true" signature="beforeclass()[pri:0, instance:flipkart.maven.verifyusercanlogin@747ddf94]" started-at="2022-07-28T06:11:38 PDT" name="beforeclass" finished-at="2022-07-28T06:12:12 PDT" duration-ms="33742" status="PASS">
          <reporter-output>
          </reporter-output>
        </test-method> <!-- beforeclass -->
        <test-method is-config="true" signature="beforemethod()[pri:0, instance:flipkart.maven.verifyusercanlogin@747ddf94]" started-at="2022-07-28T06:12:12 PDT" name="beforemethod" finished-at="2022-07-28T06:12:12 PDT" duration-ms="38" status="PASS">
          <reporter-output>
          </reporter-output>
        </test-method> <!-- beforemethod -->
        <test-method signature="verifylogin()[pri:0, instance:flipkart.maven.verifyusercanlogin@747ddf94]" started-at="2022-07-28T06:12:12 PDT" name="verifylogin" finished-at="2022-07-28T06:13:00 PDT" duration-ms="48350" status="PASS">
          <reporter-output>
          </reporter-output>
        </test-method> <!-- verifylogin -->
      </class> <!-- flipkart.maven.verifyusercanlogin -->
    </test> <!-- Default test -->
  </suite> <!-- Default suite -->
</testng-results>
